0 info it worked if it ends with ok
1 verbose cli [ 'node',
1 verbose cli   '/Users/donedgardo/.meteor/packages/meteor-tool/.1.3.2_4.o0tq7t++os.osx.x86_64+web.browser+web.cordova/mt-os.osx.x86_64/dev_bundle/bin/npm',
1 verbose cli   'run',
1 verbose cli   'test:watch' ]
2 info using npm@2.14.22
3 info using node@v0.10.43
4 verbose run-script [ 'pretest:watch', 'test:watch', 'posttest:watch' ]
5 info pretest:watch marAzul@
6 info test:watch marAzul@
7 verbose unsafe-perm in lifecycle true
8 info marAzul@ Failed to exec test:watch script
9 verbose stack Error: marAzul@ test:watch: `meteor test --driver-package sanjo:jasmine`
9 verbose stack Exit status 254
9 verbose stack     at EventEmitter.<anonymous> (/Users/donedgardo/.meteor/packages/meteor-tool/.1.3.2_4.o0tq7t++os.osx.x86_64+web.browser+web.cordova/mt-os.osx.x86_64/dev_bundle/lib/node_modules/npm/lib/utils/lifecycle.js:217:16)
9 verbose stack     at EventEmitter.emit (events.js:98:17)
9 verbose stack     at ChildProcess.<anonymous> (/Users/donedgardo/.meteor/packages/meteor-tool/.1.3.2_4.o0tq7t++os.osx.x86_64+web.browser+web.cordova/mt-os.osx.x86_64/dev_bundle/lib/node_modules/npm/lib/utils/spawn.js:24:14)
9 verbose stack     at ChildProcess.emit (events.js:98:17)
9 verbose stack     at maybeClose (child_process.js:766:16)
9 verbose stack     at Process.ChildProcess._handle.onexit (child_process.js:833:5)
10 verbose pkgid marAzul@
11 verbose cwd /Users/donedgardo/skyrocket/marAzul
12 error Darwin 15.3.0
13 error argv "node" "/Users/donedgardo/.meteor/packages/meteor-tool/.1.3.2_4.o0tq7t++os.osx.x86_64+web.browser+web.cordova/mt-os.osx.x86_64/dev_bundle/bin/npm" "run" "test:watch"
14 error node v0.10.43
15 error npm  v2.14.22
16 error code ELIFECYCLE
17 error marAzul@ test:watch: `meteor test --driver-package sanjo:jasmine`
17 error Exit status 254
18 error Failed at the marAzul@ test:watch script 'meteor test --driver-package sanjo:jasmine'.
18 error This is most likely a problem with the marAzul package,
18 error not with npm itself.
18 error Tell the author that this fails on your system:
18 error     meteor test --driver-package sanjo:jasmine
18 error You can get information on how to open an issue for this project with:
18 error     npm bugs marAzul
18 error Or if that isn't available, you can get their info via:
18 error
18 error     npm owner ls marAzul
18 error There is likely additional logging output above.
19 verbose exit [ 1, true ]
